<?xml version="1.0" encoding="UTF-8"?>
<!-- Generated by org.testng.reporters.JUnitXMLReporter -->
<testsuite ignored="2" hostname="DESKTOP-8IO9O82" failures="1" tests="7" name="Test" time="25.468" errors="0" timestamp="2021-07-03T10:04:35 IST">
  <testcase classname="testbase.TestBase" name="@BeforeMethod beforeTest" time="0.001">
    <failure type="java.lang.NullPointerException" message="Cannot invoke &amp;quot;String.equals(Object)&amp;quot; because the return value of &amp;quot;java.util.Properties.getProperty(String)&amp;quot; is null">
      <![CDATA[java.lang.NullPointerException: Cannot invoke "String.equals(Object)" because the return value of "java.util.Properties.getProperty(String)" is null
at testbase.TestBase.beforeTest(TestBase.java:55)
at java.base/java.util.concurrent.ThreadPoolExecutor.runWorker(ThreadPoolExecutor.java:1130)
at java.base/java.util.concurrent.ThreadPoolExecutor$Worker.run(ThreadPoolExecutor.java:630)
at java.base/java.lang.Thread.run(Thread.java:832)
... Removed 16 stack frames]]>
    </failure>
  </testcase> <!-- @BeforeMethod beforeTest -->
  <testcase classname="testbase.TestBase" name="@AfterMethod afterTest" time="-1.625286850573E9">
    <skipped/>
  </testcase> <!-- @AfterMethod afterTest -->
  <testcase classname="testbase.TestBase" name="@BeforeMethod beforeTest" time="-1.625286850574E9">
    <skipped/>
  </testcase> <!-- @BeforeMethod beforeTest -->
  <testcase classname="testbase.TestBase" name="@AfterMethod afterTest" time="-1.62528685058E9">
    <skipped/>
  </testcase> <!-- @AfterMethod afterTest -->
  <testcase classname="testbase.TestBase" name="@AfterMethod afterTest" time="-1.625286862121E9">
    <skipped/>
  </testcase> <!-- @AfterMethod afterTest -->
  <testcase classname="testbase.TestBase" name="@AfterMethod afterTest" time="-1.625286868608E9">
    <skipped/>
  </testcase> <!-- @AfterMethod afterTest -->
  <testcase classname="testbase.TestBase" name="@AfterMethod afterTest" time="-1.625286871026E9">
    <skipped/>
  </testcase> <!-- @AfterMethod afterTest -->
  <testcase classname="jun27.LoginToApp" name="login2" time="0.0">
    <failure type="org.testng.TestNGException" message="
Parameter &amp;apos;username&amp;apos; is required by @Test on method login2 but has not been marked @Optional or defined
in C:\Santosh\Automation\Workspace_new\SeleniumJune\testng-parallel.xml">
      <![CDATA[org.testng.TestNGException: 
Parameter 'username' is required by @Test on method login2 but has not been marked @Optional or defined
in C:\Santosh\Automation\Workspace_new\SeleniumJune\testng-parallel.xml
at java.base/java.util.concurrent.ThreadPoolExecutor.runWorker(ThreadPoolExecutor.java:1130)
at java.base/java.util.concurrent.ThreadPoolExecutor$Worker.run(ThreadPoolExecutor.java:630)
at java.base/java.lang.Thread.run(Thread.java:832)
... Removed 11 stack frames]]>
    </failure>
  </testcase> <!-- login2 -->
  <testcase classname="jun27.LoginToApp" name="login4" time="0.0">
    <skipped/>
  </testcase> <!-- login4 -->
  <testcase classname="jun27.LoginToApp" name="verifyContactUs" time="0.0">
    <skipped/>
  </testcase> <!-- verifyContactUs -->
  <testcase classname="jun27.LoginToApp" name="login3" time="0.0">
    <skipped/>
  </testcase> <!-- login3 -->
  <testcase classname="jun27.LoginToApp" name="search" time="0.001">
    <skipped/>
  </testcase> <!-- search -->
  <testcase classname="jun27.LoginToApp" name="Login" time="0.0">
    <skipped/>
  </testcase> <!-- Login -->
  <testcase classname="jun27.CreateAccountTestcase" name="createAccount" time="11.39"/>
  <testcase classname="testbase.TestBase" name="@BeforeTest testbefore" time="0.0">
    <ignored/>
  </testcase> <!-- @BeforeTest testbefore -->
  <testcase classname="testbase.TestBase" name="@AfterTest testafter" time="0.0">
    <ignored/>
  </testcase> <!-- @AfterTest testafter -->
</testsuite> <!-- Test -->
